<?xml version="1.0" encoding="UTF-8"?>
<!-- Generated by org.testng.reporters.JUnitXMLReporter -->
<testsuite hostname="RACD-002157" name="Test" tests="3" failures="0" timestamp="7 Mar 2019 12:40:37 GMT" time="46.21" errors="0">
  <testcase name="UserLogin" time="9.595" classname="com.magic.alphaPoint.TestClasses.LoyaltyTokenTest"/>
  <testcase name="LoyaltyTokenTestCase" time="17.078" classname="com.magic.alphaPoint.TestClasses.LoyaltyTokenTest"/>
  <testcase name="UserLogout" time="4.287" classname="com.magic.alphaPoint.TestClasses.LoyaltyTokenTest"/>
</testsuite> <!-- Test -->
