<?xml version="1.0" encoding="UTF-8"?>
<!-- Generated by org.testng.reporters.JUnitXMLReporter -->
<testsuite hostname="RACD-002157" name="Loyalty Token Test" tests="2" failures="0" timestamp="7 Mar 2019 07:44:25 GMT" time="29.18" errors="0">
  <testcase name="Login" time="8.464" classname="com.magic.alphaPoint.TestClasses.LoyaltyTokenTestClass"/>
  <testcase name="LoyaltyTokenTest" time="7.076" classname="com.magic.alphaPoint.TestClasses.LoyaltyTokenTestClass"/>
</testsuite> <!-- Loyalty Token Test -->
